#
# A fatal error has been detected by the Java Runtime Environment:
#
#  SIGSEGV (0xb) at pc=0x0000000126b59027, pid=11609, tid=0x000000000000c30f
#
# JRE version: Java(TM) SE Runtime Environment (8.0_191-b12) (build 1.8.0_191-b12)
# Java VM: Java HotSpot(TM) 64-Bit Server VM (25.191-b12 mixed mode bsd-amd64 compressed oops)
# Problematic frame:
# C  [libawt_lwawt.dylib+0x1c027]  OGLSD_SetScratchSurface+0x49
#
# Failed to write core dump. Core dumps have been disabled. To enable core dumping, try "ulimit -c unlimited" before starting Java again
#
# If you would like to submit a bug report, please visit:
#   http://bugreport.java.com/bugreport/crash.jsp
# The crash happened outside the Java Virtual Machine in native code.
# See problematic frame for where to report the bug.
#

---------------  T H R E A D  ---------------

Current thread (0x00007f8db79cc000):  JavaThread "Java2D Queue Flusher" daemon [_thread_in_native, id=49935, stack(0x0000700008036000,0x0000700008136000)]

siginfo: si_signo: 11 (SIGSEGV), si_code: 1 (SEGV_MAPERR), si_addr: 0x0000000000000002

Registers:
RAX=0x00000000ffffffff, RBX=0x0000000000000002, RCX=0x0000000000000047, RDX=0x0000000126b7ab14
RSP=0x0000700008135830, RBP=0x0000700008135850, RSI=0x00007f8db6770a10, RDI=0x00007f8db79cc1f8
R8 =0x00000000f2f604c4, R9 =0x0000000000000000, R10=0x000000011170c6b8, R11=0x0000000000000020
R12=0x0000000000000000, R13=0x0000000797b026e0, R14=0x00007f8db79cc1f8, R15=0x00007f8db79cc000
RIP=0x0000000126b59027, EFLAGS=0x0000000000010202, ERR=0x0000000000000004
  TRAPNO=0x000000000000000e

Top of Stack: (sp=0x0000700008135830)
0x0000700008135830:   00007f8db6770a10 0000000000000000
0x0000700008135840:   00007f8db79cd210 00007f8db79cc000
0x0000700008135850:   00007000081358d0 0000000126b7a5f2
0x0000700008135860:   0000000000000064 00007f8db64928b8
0x0000700008135870:   00007000081358d0 000000011048d7a8
0x0000700008135880:   0000000000000005 00007f8db79cc000
0x0000700008135890:   0000000797b02601 00007f8db79cd220
0x00007000081358a0:   0000700000135800 00007f8db79cc1f8
0x00007000081358b0:   0000000000000000 0000000000000000
0x00007000081358c0:   0000700008135928 00007f8db79cc000
0x00007000081358d0:   0000700008135920 000000011170c72a
0x00007000081358e0:   0000000797b02608 0000700008135928
0x00007000081358f0:   000000015e994098 0000000000000000
0x0000700008135900:   000000015e994028 0000000000000000
0x0000700008135910:   0000700008135930 00000000f2f604d2
0x0000700008135920:   00000000f2f604c1 00000001112fede8
0x0000700008135930:   0000000797b02608 0000000000000000
0x0000700008135940:   0000000797b026e0 0000000000000000
0x0000700008135950:   0000000797b026e0 00007000081359f0
0x0000700008135960:   0000000000000001 0000000000000000
0x0000700008135970:   00007000081359f0 00000001110f07a7
0x0000700008135980:   0000000797648f60 0000000797b0a690
0x0000700008135990:   0000700000001fa0 000000000000000a
0x00007000081359a0:   00007f8db79cc000 0000000000000001
0x00007000081359b0:   00000001110f071f 00000001254b5a08
0x00007000081359c0:   0000700008135a88 0000700008135d20
0x00007000081359d0:   000000010000000a 00000001254b5a08
0x00007000081359e0:   0000000111103ae0 0000700008135c90
0x00007000081359f0:   0000700008135ba0 000000011042b9fe
0x0000700008135a00:   0000700000000001 00007f8db79cc000
0x0000700008135a10:   00007f8db79cc000 0000700008135d20
0x0000700008135a20:   00007f8db64928b0 0000000111103ae0 

Instructions: (pc=0x0000000126b59027)
0x0000000126b59007:   c0 e9 82 00 00 00 48 8b 5e 10 48 85 db 75 0e bf
0x0000000126b59017:   01 00 00 00 48 8d 15 a8 96 03 00 eb d6 49 89 fe
0x0000000126b59027:   4c 8b 3b 30 c0 e8 ff bc 02 00 49 8b 3f 49 89 c4
0x0000000126b59037:   48 8b 35 02 29 06 00 30 c0 e8 0b be 02 00 48 85 

Register to memory mapping:

RAX=0x00000000ffffffff is an unknown value
RBX=0x0000000000000002 is an unknown value
RCX=0x0000000000000047 is an unknown value
RDX=0x0000000126b7ab14: Java_sun_java2d_opengl_OGLRenderQueue_flushBuffer+0xb5c in /Library/Java/JavaVirtualMachines/jdk1.8.0_191.jdk/Contents/Home/jre/lib/libawt_lwawt.dylib at 0x0000000126b3d000
RSP=0x0000700008135830 is pointing into the stack for thread: 0x00007f8db79cc000
RBP=0x0000700008135850 is pointing into the stack for thread: 0x00007f8db79cc000
RSI=0x00007f8db6770a10 is an unknown value
RDI=0x00007f8db79cc1f8 is an unknown value
R8 =0x00000000f2f604c4 is an unknown value
R9 =0x0000000000000000 is an unknown value
R10=0x000000011170c6b8 is at entry_point+56 in (nmethod*)0x000000011170c510
R11=0x0000000000000020 is an unknown value
R12=0x0000000000000000 is an unknown value
R13=0x0000000797b026e0 is an oop
sun.java2d.opengl.OGLRenderQueue$QueueFlusher 
 - klass: 'sun/java2d/opengl/OGLRenderQueue$QueueFlusher'
R14=0x00007f8db79cc1f8 is an unknown value
R15=0x00007f8db79cc000 is a thread


Stack: [0x0000700008036000,0x0000700008136000],  sp=0x0000700008135830,  free space=1022k
Native frames: (J=compiled Java code, j=interpreted, Vv=VM code, C=native code)
C  [libawt_lwawt.dylib+0x1c027]  OGLSD_SetScratchSurface+0x49
C  [libawt_lwawt.dylib+0x3d5f2]  Java_sun_java2d_opengl_OGLRenderQueue_flushBuffer+0x63a
J 1986  sun.java2d.opengl.OGLRenderQueue.flushBuffer(JI)V (0 bytes) @ 0x000000011170c72a [0x000000011170c680+0xaa]
J 3308% C2 sun.java2d.opengl.OGLRenderQueue$QueueFlusher.run()V (234 bytes) @ 0x00000001112fede8 [0x00000001112feac0+0x328]
v  ~StubRoutines::call_stub
V  [libjvm.dylib+0x2ef9fe]  JavaCalls::call_helper(JavaValue*, methodHandle*, JavaCallArguments*, Thread*)+0x6ae
V  [libjvm.dylib+0x2f01a2]  JavaCalls::call_virtual(JavaValue*, KlassHandle, Symbol*, Symbol*, JavaCallArguments*, Thread*)+0x164
V  [libjvm.dylib+0x2f034e]  JavaCalls::call_virtual(JavaValue*, Handle, KlassHandle, Symbol*, Symbol*, Thread*)+0x4a
V  [libjvm.dylib+0x34ac3d]  thread_entry(JavaThread*, Thread*)+0x7c
V  [libjvm.dylib+0x56f83f]  JavaThread::thread_main_inner()+0x9b
V  [libjvm.dylib+0x570f3a]  JavaThread::run()+0x1c2
V  [libjvm.dylib+0x48e0be]  java_start(Thread*)+0xf6
C  [libsystem_pthread.dylib+0x32eb]  _pthread_body+0x7e
C  [libsystem_pthread.dylib+0x6249]  _pthread_start+0x42
C  [libsystem_pthread.dylib+0x240d]  thread_start+0xd
C  0x0000000000000000

Java frames: (J=compiled Java code, j=interpreted, Vv=VM code)
J 1986  sun.java2d.opengl.OGLRenderQueue.flushBuffer(JI)V (0 bytes) @ 0x000000011170c6b8 [0x000000011170c680+0x38]
J 3308% C2 sun.java2d.opengl.OGLRenderQueue$QueueFlusher.run()V (234 bytes) @ 0x00000001112fede8 [0x00000001112feac0+0x328]
v  ~StubRoutines::call_stub

---------------  P R O C E S S  ---------------

Java Threads: ( => current thread )
  0x00007f8dba843800 JavaThread "DestroyJavaVM" [_thread_blocked, id=9475, stack(0x0000700006f80000,0x0000700007080000)]
  0x00007f8db8229800 JavaThread "SwingWorker-pool-1-thread-2" daemon [_thread_blocked, id=57347, stack(0x0000700008851000,0x0000700008951000)]
  0x00007f8dba838800 JavaThread "SwingWorker-pool-1-thread-1" daemon [_thread_blocked, id=72759, stack(0x000070000874e000,0x000070000884e000)]
  0x00007f8db821d000 JavaThread "Thread-0" [_thread_blocked, id=57163, stack(0x000070000864b000,0x000070000874b000)]
  0x00007f8db7a23000 JavaThread "AWT-EventQueue-0" [_thread_blocked, id=75523, stack(0x0000700008442000,0x0000700008542000)]
  0x00007f8db6a7d000 JavaThread "TimerQueue" daemon [_thread_blocked, id=76047, stack(0x000070000823c000,0x000070000833c000)]
  0x00007f8db6a72800 JavaThread "Java2D Disposer" daemon [_thread_blocked, id=78867, stack(0x0000700008139000,0x0000700008239000)]
=>0x00007f8db79cc000 JavaThread "Java2D Queue Flusher" daemon [_thread_in_native, id=49935, stack(0x0000700008036000,0x0000700008136000)]
  0x00007f8db7060000 JavaThread "AWT-Shutdown" [_thread_blocked, id=25131, stack(0x0000700007daa000,0x0000700007eaa000)]
  0x00007f8db683c000 JavaThread "AppKit Thread" daemon [_thread_in_native, id=775, stack(0x00007ffedfd84000,0x00007ffee0584000)]
  0x00007f8db6866000 JavaThread "Service Thread" daemon [_thread_blocked, id=17155, stack(0x0000700007ba4000,0x0000700007ca4000)]
  0x00007f8db7823800 JavaThread "C1 CompilerThread2" daemon [_thread_blocked, id=17667, stack(0x0000700007aa1000,0x0000700007ba1000)]
  0x00007f8db7006000 JavaThread "C2 CompilerThread1" daemon [_thread_in_native, id=17923, stack(0x000070000799e000,0x0000700007a9e000)]
  0x00007f8db6847000 JavaThread "C2 CompilerThread0" daemon [_thread_blocked, id=18435, stack(0x000070000789b000,0x000070000799b000)]
  0x00007f8db6865800 JavaThread "Signal Dispatcher" daemon [_thread_blocked, id=13059, stack(0x0000700007798000,0x0000700007898000)]
  0x00007f8db7822000 JavaThread "Finalizer" daemon [_thread_blocked, id=20227, stack(0x0000700007695000,0x0000700007795000)]
  0x00007f8db683b000 JavaThread "Reference Handler" daemon [_thread_blocked, id=11779, stack(0x0000700007592000,0x0000700007692000)]

Other Threads:
  0x00007f8db781a000 VMThread [stack: 0x000070000748f000,0x000070000758f000] [id=11267]
  0x00007f8db6849800 WatcherThread [stack: 0x0000700007ca7000,0x0000700007da7000] [id=14083]

VM state:not at safepoint (normal execution)

VM Mutex/Monitor currently owned by a thread: None

Heap:
 PSYoungGen      total 38400K, used 5990K [0x0000000795580000, 0x0000000798000000, 0x00000007c0000000)
  eden space 33280K, 2% used [0x0000000795580000,0x00000007956598c0,0x0000000797600000)
  from space 5120K, 99% used [0x0000000797b00000,0x0000000797ffff70,0x0000000798000000)
  to   space 5120K, 0% used [0x0000000797600000,0x0000000797600000,0x0000000797b00000)
 ParOldGen       total 87552K, used 31928K [0x0000000740000000, 0x0000000745580000, 0x0000000795580000)
  object space 87552K, 36% used [0x0000000740000000,0x0000000741f2e190,0x0000000745580000)
 Metaspace       used 18638K, capacity 19044K, committed 19200K, reserved 1064960K
  class space    used 2577K, capacity 2692K, committed 2816K, reserved 1048576K

Card table byte_map: [0x00000001204b0000,0x00000001208b1000] byte_map_base: 0x000000011cab0000

Marking Bits: (ParMarkBitMap*) 0x0000000110a35e00
 Begin Bits: [0x0000000120b5c000, 0x0000000122b5c000)
 End Bits:   [0x0000000122b5c000, 0x0000000124b5c000)

Polling page: 0x000000010f6f5000

CodeCache: size=245760Kb used=10525Kb max_used=10536Kb free=235234Kb
 bounds [0x00000001110f0000, 0x0000000111b50000, 0x00000001200f0000]
 total_blobs=3620 nmethods=3021 adapters=509
 compilation: enabled

Compilation events (10 events):
Event: 24189.337 Thread 0x00007f8db7823800 3354  s    3       sun.java2d.loops.RenderCache::get (100 bytes)
Event: 24189.337 Thread 0x00007f8db7823800 nmethod 3354 0x0000000111529050 code [0x0000000111529220, 0x0000000111529b88]
Event: 24189.337 Thread 0x00007f8db7823800 3356       3       java.util.LinkedHashMap::afterNodeRemoval (65 bytes)
Event: 24189.337 Thread 0x00007f8db7823800 nmethod 3356 0x000000011150fed0 code [0x0000000111510040, 0x00000001115103f0]
Event: 24189.339 Thread 0x00007f8db7823800 3357       3       sun.java2d.pipe.LoopPipe::drawLine (46 bytes)
Event: 24189.339 Thread 0x00007f8db7823800 nmethod 3357 0x0000000111456350 code [0x00000001114564c0, 0x00000001114567c8]
Event: 24189.339 Thread 0x00007f8db7823800 3359       3       sun.awt.image.BufImgSurfaceData::createData (845 bytes)
Event: 24189.345 Thread 0x00007f8db7823800 nmethod 3359 0x0000000111b48fd0 code [0x0000000111b49500, 0x0000000111b4cb78]
Event: 24189.347 Thread 0x00007f8db6847000 nmethod 3355 0x0000000111b2f2d0 code [0x0000000111b2f440, 0x0000000111b2f578]
Event: 24189.347 Thread 0x00007f8db6847000 3360       4       apple.laf.JRSUIState::set (13 bytes)

GC Heap History (8 events):
Event: 4.228 GC heap before
{Heap before GC invocations=1 (full 0):
 PSYoungGen      total 38400K, used 33280K [0x0000000795580000, 0x0000000798000000, 0x00000007c0000000)
  eden space 33280K, 100% used [0x0000000795580000,0x0000000797600000,0x0000000797600000)
  from space 5120K, 0% used [0x0000000797b00000,0x0000000797b00000,0x0000000798000000)
  to   space 5120K, 0% used [0x0000000797600000,0x0000000797600000,0x0000000797b00000)
 ParOldGen       total 87552K, used 0K [0x0000000740000000, 0x0000000745580000, 0x0000000795580000)
  object space 87552K, 0% used [0x0000000740000000,0x0000000740000000,0x0000000745580000)
 Metaspace       used 15687K, capacity 16138K, committed 16256K, reserved 1062912K
  class space    used 2287K, capacity 2415K, committed 2432K, reserved 1048576K
Event: 4.238 GC heap after
Heap after GC invocations=1 (full 0):
 PSYoungGen      total 38400K, used 5111K [0x0000000795580000, 0x0000000798000000, 0x00000007c0000000)
  eden space 33280K, 0% used [0x0000000795580000,0x0000000795580000,0x0000000797600000)
  from space 5120K, 99% used [0x0000000797600000,0x0000000797afdc20,0x0000000797b00000)
  to   space 5120K, 0% used [0x0000000797b00000,0x0000000797b00000,0x0000000798000000)
 ParOldGen       total 87552K, used 3562K [0x0000000740000000, 0x0000000745580000, 0x0000000795580000)
  object space 87552K, 4% used [0x0000000740000000,0x000000074037abf8,0x0000000745580000)
 Metaspace       used 15687K, capacity 16138K, committed 16256K, reserved 1062912K
  class space    used 2287K, capacity 2415K, committed 2432K, reserved 1048576K
}
Event: 53.399 GC heap before
{Heap before GC invocations=2 (full 0):
 PSYoungGen      total 38400K, used 38391K [0x0000000795580000, 0x0000000798000000, 0x00000007c0000000)
  eden space 33280K, 100% used [0x0000000795580000,0x0000000797600000,0x0000000797600000)
  from space 5120K, 99% used [0x0000000797600000,0x0000000797afdc20,0x0000000797b00000)
  to   space 5120K, 0% used [0x0000000797b00000,0x0000000797b00000,0x0000000798000000)
 ParOldGen       total 87552K, used 3562K [0x0000000740000000, 0x0000000745580000, 0x0000000795580000)
  object space 87552K, 4% used [0x0000000740000000,0x000000074037abf8,0x0000000745580000)
 Metaspace       used 18462K, capacity 18910K, committed 19200K, reserved 1064960K
  class space    used 2568K, capacity 2691K, committed 2816K, reserved 1048576K
Event: 53.410 GC heap after
Heap after GC invocations=2 (full 0):
 PSYoungGen      total 38400K, used 5094K [0x0000000795580000, 0x0000000798000000, 0x00000007c0000000)
  eden space 33280K, 0% used [0x0000000795580000,0x0000000795580000,0x0000000797600000)
  from space 5120K, 99% used [0x0000000797b00000,0x0000000797ff9a60,0x0000000798000000)
  to   space 5120K, 0% used [0x0000000797600000,0x0000000797600000,0x0000000797b00000)
 ParOldGen       total 87552K, used 13505K [0x0000000740000000, 0x0000000745580000, 0x0000000795580000)
  object space 87552K, 15% used [0x0000000740000000,0x0000000740d30728,0x0000000745580000)
 Metaspace       used 18462K, capacity 18910K, committed 19200K, reserved 1064960K
  class space    used 2568K, capacity 2691K, committed 2816K, reserved 1048576K
}
Event: 5951.221 GC heap before
{Heap before GC invocations=3 (full 0):
 PSYoungGen      total 38400K, used 38374K [0x0000000795580000, 0x0000000798000000, 0x00000007c0000000)
  eden space 33280K, 100% used [0x0000000795580000,0x0000000797600000,0x0000000797600000)
  from space 5120K, 99% used [0x0000000797b00000,0x0000000797ff9a60,0x0000000798000000)
  to   space 5120K, 0% used [0x0000000797600000,0x0000000797600000,0x0000000797b00000)
 ParOldGen       total 87552K, used 13505K [0x0000000740000000, 0x0000000745580000, 0x0000000795580000)
  object space 87552K, 15% used [0x0000000740000000,0x0000000740d30728,0x0000000745580000)
 Metaspace       used 18605K, capacity 19044K, committed 19200K, reserved 1064960K
  class space    used 2575K, capacity 2692K, committed 2816K, reserved 1048576K
Event: 5951.251 GC heap after
Heap after GC invocations=3 (full 0):
 PSYoungGen      total 38400K, used 5108K [0x0000000795580000, 0x0000000798000000, 0x00000007c0000000)
  eden space 33280K, 0% used [0x0000000795580000,0x0000000795580000,0x0000000797600000)
  from space 5120K, 99% used [0x0000000797600000,0x0000000797afd370,0x0000000797b00000)
  to   space 5120K, 0% used [0x0000000797b00000,0x0000000797b00000,0x0000000798000000)
 ParOldGen       total 87552K, used 21419K [0x0000000740000000, 0x0000000745580000, 0x0000000795580000)
  object space 87552K, 24% used [0x0000000740000000,0x00000007414ead78,0x0000000745580000)
 Metaspace       used 18605K, capacity 19044K, committed 19200K, reserved 1064960K
  class space    used 2575K, capacity 2692K, committed 2816K, reserved 1048576K
}
Event: 24189.311 GC heap before
{Heap before GC invocations=4 (full 0):
 PSYoungGen      total 38400K, used 38388K [0x0000000795580000, 0x0000000798000000, 0x00000007c0000000)
  eden space 33280K, 100% used [0x0000000795580000,0x0000000797600000,0x0000000797600000)
  from space 5120K, 99% used [0x0000000797600000,0x0000000797afd370,0x0000000797b00000)
  to   space 5120K, 0% used [0x0000000797b00000,0x0000000797b00000,0x0000000798000000)
 ParOldGen       total 87552K, used 21419K [0x0000000740000000, 0x0000000745580000, 0x0000000795580000)
  object space 87552K, 24% used [0x0000000740000000,0x00000007414ead78,0x0000000745580000)
 Metaspace       used 18635K, capacity 19044K, committed 19200K, reserved 1064960K
  class space    used 2577K, capacity 2692K, committed 2816K, reserved 1048576K
Event: 24189.334 GC heap after
Heap after GC invocations=4 (full 0):
 PSYoungGen      total 38400K, used 5119K [0x0000000795580000, 0x0000000798000000, 0x00000007c0000000)
  eden space 33280K, 0% used [0x0000000795580000,0x0000000795580000,0x0000000797600000)
  from space 5120K, 99% used [0x0000000797b00000,0x0000000797ffff70,0x0000000798000000)
  to   space 5120K, 0% used [0x0000000797600000,0x0000000797600000,0x0000000797b00000)
 ParOldGen       total 87552K, used 31928K [0x0000000740000000, 0x0000000745580000, 0x0000000795580000)
  object space 87552K, 36% used [0x0000000740000000,0x0000000741f2e190,0x0000000745580000)
 Metaspace       used 18635K, capacity 19044K, committed 19200K, reserved 1064960K
  class space    used 2577K, capacity 2692K, committed 2816K, reserved 1048576K
}

Deoptimization events (10 events):
Event: 24186.686 Thread 0x00007f8db7a23000 Uncommon trap: reason=class_check action=maybe_recompile pc=0x00000001114c0c68 method=java.awt.Component.repaintParentIfNeeded(IIII)V @ 37
Event: 24186.686 Thread 0x00007f8db7a23000 Uncommon trap: reason=class_check action=maybe_recompile pc=0x00000001114c0c68 method=java.awt.Component.repaintParentIfNeeded(IIII)V @ 37
Event: 24186.686 Thread 0x00007f8db7a23000 Uncommon trap: reason=class_check action=maybe_recompile pc=0x00000001114c0c68 method=java.awt.Component.repaintParentIfNeeded(IIII)V @ 37
Event: 24186.687 Thread 0x00007f8db7a23000 Uncommon trap: reason=class_check action=maybe_recompile pc=0x0000000111a86bdc method=java.awt.Component.repaintParentIfNeeded(IIII)V @ 37
Event: 24189.226 Thread 0x00007f8db7a23000 Uncommon trap: reason=unstable_if action=reinterpret pc=0x0000000111b19ba0 method=sun.java2d.pipe.BufferedContext.validate(Lsun/java2d/pipe/hw/AccelSurface;Lsun/java2d/pipe/hw/AccelSurface;Lsun/java2d/pipe/Region;Ljava/awt/Composite;Ljava/awt/geom/AffineT
Event: 24189.276 Thread 0x00007f8db7a23000 Uncommon trap: reason=class_check action=maybe_recompile pc=0x000000011198ccb4 method=sun.java2d.loops.SurfaceType.pixelFor(ILjava/awt/image/ColorModel;)I @ 6
Event: 24189.276 Thread 0x00007f8db7a23000 Uncommon trap: reason=class_check action=maybe_recompile pc=0x000000011198ccb4 method=sun.java2d.loops.SurfaceType.pixelFor(ILjava/awt/image/ColorModel;)I @ 6
Event: 24189.276 Thread 0x00007f8db7a23000 Uncommon trap: reason=class_check action=maybe_recompile pc=0x000000011198ccb4 method=sun.java2d.loops.SurfaceType.pixelFor(ILjava/awt/image/ColorModel;)I @ 6
Event: 24189.277 Thread 0x00007f8db7a23000 Uncommon trap: reason=class_check action=maybe_recompile pc=0x000000011198ccb4 method=sun.java2d.loops.SurfaceType.pixelFor(ILjava/awt/image/ColorModel;)I @ 6
Event: 24189.301 Thread 0x00007f8db7a23000 Uncommon trap: reason=unstable_if action=reinterpret pc=0x0000000111489c98 method=sun.java2d.loops.RenderCache.get(Lsun/java2d/loops/SurfaceType;Lsun/java2d/loops/CompositeType;Lsun/java2d/loops/SurfaceType;)Ljava/lang/Object; @ 15

Classes redefined (0 events):
No events

Internal exceptions (10 events):
Event: 0.634 Thread 0x00007f8db7807000 Exception <a 'java/lang/NoSuchFieldError': method resolution failed> (0x0000000795860908) thrown at [/Users/java_re/workspace/8-2-build-macosx-x86_64/jdk8u191/11896/hotspot/src/share/vm/prims/methodHandles.cpp, line 1167]
Event: 0.851 Thread 0x00007f8db7807000 Exception <a 'java/io/FileNotFoundException'> (0x00000007958dc3f8) thrown at [/Users/java_re/workspace/8-2-build-macosx-x86_64/jdk8u191/11896/hotspot/src/share/vm/prims/jni.cpp, line 709]
Event: 0.851 Thread 0x00007f8db7807000 Exception <a 'java/io/FileNotFoundException'> (0x00000007958dcf48) thrown at [/Users/java_re/workspace/8-2-build-macosx-x86_64/jdk8u191/11896/hotspot/src/share/vm/prims/jni.cpp, line 709]
Event: 3.089 Thread 0x00007f8db7807000 Exception <a 'java/lang/NullPointerException'> (0x00000007960771d8) thrown at [/Users/java_re/workspace/8-2-build-macosx-x86_64/jdk8u191/11896/hotspot/src/share/vm/prims/jni.cpp, line 735]
Event: 3.826 Thread 0x00007f8db7807000 Exception <a 'java/io/FileNotFoundException'> (0x0000000796f1d100) thrown at [/Users/java_re/workspace/8-2-build-macosx-x86_64/jdk8u191/11896/hotspot/src/share/vm/prims/jni.cpp, line 709]
Event: 3.881 Thread 0x00007f8db7807000 Exception <a 'java/io/FileNotFoundException'> (0x0000000796f1d7c8) thrown at [/Users/java_re/workspace/8-2-build-macosx-x86_64/jdk8u191/11896/hotspot/src/share/vm/prims/jni.cpp, line 709]
Event: 4.239 Thread 0x00007f8db7822000 Exception <a 'java/lang/NullPointerException'> (0x000000079574c0a8) thrown at [/Users/java_re/workspace/8-2-build-macosx-x86_64/jdk8u191/11896/hotspot/src/share/vm/interpreter/linkResolver.cpp, line 1185]
Event: 295.745 Thread 0x00007f8db683c000 Implicit null exception at 0x000000011164d36c to 0x000000011165079d
Event: 3708.493 Thread 0x00007f8db683c000 Implicit null exception at 0x00000001119d64a4 to 0x00000001119d77d5
Event: 3708.493 Thread 0x00007f8db683c000 Implicit null exception at 0x0000000111a0650c to 0x0000000111a0665d

Events (10 events):
Event: 24189.277 Thread 0x00007f8db7a23000 DEOPT UNPACKING pc=0x000000011113573a sp=0x000070000853f210 mode 2
Event: 24189.301 Thread 0x00007f8db7a23000 Uncommon trap: trap_request=0xffffff65 fr.pc=0x0000000111489c98
Event: 24189.301 Thread 0x00007f8db7a23000 DEOPT PACKING pc=0x0000000111489c98 sp=0x000070000853de80
Event: 24189.301 Thread 0x00007f8db7a23000 DEOPT UNPACKING pc=0x000000011113573a sp=0x000070000853de20 mode 2
Event: 24189.310 Executing VM operation: ParallelGCFailedAllocation
Event: 24189.334 Executing VM operation: ParallelGCFailedAllocation done
Event: 24189.334 loading class sun/font/StrikeCache$2
Event: 24189.334 loading class sun/font/StrikeCache$2 done
Event: 24189.335 Executing VM operation: RevokeBias
Event: 24189.335 Executing VM operation: RevokeBias done


Dynamic libraries:
0x00007fff41be6000 	/System/Library/Frameworks/Cocoa.framework/Versions/A/Cocoa
0x00007fff4d989000 	/System/Library/Frameworks/Security.framework/Versions/A/Security
0x00007fff40879000 	/System/Library/Frameworks/ApplicationServices.framework/Versions/A/ApplicationServices
0x00007fff6da78000 	/usr/lib/libz.1.dylib
0x00007fff6b3d2000 	/usr/lib/libSystem.B.dylib
0x00007fff6cc09000 	/usr/lib/libobjc.A.dylib
0x00007fff4245b000 	/System/Library/Frameworks/CoreFoundation.framework/Versions/A/CoreFoundation
0x00007fff446dd000 	/System/Library/Frameworks/Foundation.framework/Versions/C/Foundation
0x00007fff3fa72000 	/System/Library/Frameworks/AppKit.framework/Versions/C/AppKit
0x00007fff41fe4000 	/System/Library/Frameworks/CoreData.framework/Versions/A/CoreData
0x00007fff64e98000 	/System/Library/PrivateFrameworks/RemoteViewServices.framework/Versions/A/RemoteViewServices
0x00007fff6910f000 	/System/Library/PrivateFrameworks/UIFoundation.framework/Versions/A/UIFoundation
0x00007fff6a7f3000 	/System/Library/PrivateFrameworks/XCTTargetBootstrap.framework/Versions/A/XCTTargetBootstrap
0x00007fff4236a000 	/System/Library/Frameworks/CoreDisplay.framework/Versions/A/CoreDisplay
0x00007fff5fbce000 	/System/Library/PrivateFrameworks/IconServices.framework/Versions/A/IconServices
0x00007fff46ffe000 	/System/Library/Frameworks/Metal.framework/Versions/A/Metal
0x00007fff57113000 	/System/Library/PrivateFrameworks/DesktopServicesPriv.framework/Versions/A/DesktopServicesPriv
0x00007fff6bf6c000 	/usr/lib/libenergytrace.dylib
0x00007fff675f6000 	/System/Library/PrivateFrameworks/SkyLight.framework/Versions/A/SkyLight
0x00007fff428a1000 	/System/Library/Frameworks/CoreGraphics.framework/Versions/A/CoreGraphics
0x00007fff3e83e000 	/System/Library/Frameworks/Accelerate.framework/Versions/A/Accelerate
0x00007fff44e26000 	/System/Library/Frameworks/IOSurface.framework/Versions/A/IOSurface
0x00007fff56f7f000 	/System/Library/PrivateFrameworks/DFRFoundation.framework/Versions/A/DFRFoundation
0x00007fff40d5c000 	/System/Library/Frameworks/AudioToolbox.framework/Versions/A/AudioToolbox
0x00007fff40fd5000 	/System/Library/Frameworks/AudioUnit.framework/Versions/A/AudioUnit
0x00007fff57014000 	/System/Library/PrivateFrameworks/DataDetectorsCore.framework/Versions/A/DataDetectorsCore
0x00007fff416e9000 	/System/Library/Frameworks/Carbon.framework/Versions/A/Frameworks/HIToolbox.framework/Versions/A/HIToolbox
0x00007fff6c0c5000 	/usr/lib/libicucore.A.dylib
0x00007fff4cefd000 	/System/Library/Frameworks/QuartzCore.framework/Versions/A/QuartzCore
0x00007fff41abe000 	/System/Library/Frameworks/Carbon.framework/Versions/A/Frameworks/SpeechRecognition.framework/Versions/A/SpeechRecognition
0x00007fff6b526000 	/usr/lib/libauto.dylib
0x00007fff6d96c000 	/usr/lib/libxml2.2.dylib
0x00007fff56b5a000 	/System/Library/PrivateFrameworks/CoreUI.framework/Versions/A/CoreUI
0x00007fff41ecf000 	/System/Library/Frameworks/CoreAudio.framework/Versions/A/CoreAudio
0x00007fff44512000 	/System/Library/Frameworks/DiskArbitration.framework/Versions/A/DiskArbitration
0x00007fff6c373000 	/usr/lib/liblangid.dylib
0x00007fff60fd9000 	/System/Library/PrivateFrameworks/MultitouchSupport.framework/Versions/A/MultitouchSupport
0x00007fff44d95000 	/System/Library/Frameworks/IOKit.framework/Versions/A/IOKit
0x00007fff6af92000 	/usr/lib/libDiagnosticMessagesClient.dylib
0x00007fff436b0000 	/System/Library/Frameworks/CoreServices.framework/Versions/A/CoreServices
0x00007fff62c93000 	/System/Library/PrivateFrameworks/PerformanceAnalysis.framework/Versions/A/PerformanceAnalysis
0x00007fff4c0eb000 	/System/Library/Frameworks/OpenGL.framework/Versions/A/OpenGL
0x00007fff41bf4000 	/System/Library/Frameworks/ColorSync.framework/Versions/A/ColorSync
0x00007fff42f32000 	/System/Library/Frameworks/CoreImage.framework/Versions/A/CoreImage
0x00007fff44088000 	/System/Library/Frameworks/CoreText.framework/Versions/A/CoreText
0x00007fff44e89000 	/System/Library/Frameworks/ImageIO.framework/Versions/A/ImageIO
0x00007fff531ac000 	/System/Library/PrivateFrameworks/Backup.framework/Versions/A/Backup
0x00007fff6b479000 	/usr/lib/libarchive.2.dylib
0x00007fff4132e000 	/System/Library/Frameworks/CFNetwork.framework/Versions/A/CFNetwork
0x00007fff4e0e5000 	/System/Library/Frameworks/SystemConfiguration.framework/Versions/A/SystemConfiguration
0x00007fff6aec3000 	/usr/lib/libCRFSuite.dylib
0x00007fff6b615000 	/usr/lib/libc++.1.dylib
0x00007fff6b669000 	/usr/lib/libc++abi.dylib
0x00007fff6e26e000 	/usr/lib/system/libcache.dylib
0x00007fff6e273000 	/usr/lib/system/libcommonCrypto.dylib
0x00007fff6e27e000 	/usr/lib/system/libcompiler_rt.dylib
0x00007fff6e286000 	/usr/lib/system/libcopyfile.dylib
0x00007fff6e290000 	/usr/lib/system/libcorecrypto.dylib
0x00007fff6e39b000 	/usr/lib/system/libdispatch.dylib
0x00007fff6e3d5000 	/usr/lib/system/libdyld.dylib
0x00007fff6e402000 	/usr/lib/system/libkeymgr.dylib
0x00007fff6e410000 	/usr/lib/system/liblaunch.dylib
0x00007fff6e411000 	/usr/lib/system/libmacho.dylib
0x00007fff6e417000 	/usr/lib/system/libquarantine.dylib
0x00007fff6e41a000 	/usr/lib/system/libremovefile.dylib
0x00007fff6e41c000 	/usr/lib/system/libsystem_asl.dylib
0x00007fff6e434000 	/usr/lib/system/libsystem_blocks.dylib
0x00007fff6e435000 	/usr/lib/system/libsystem_c.dylib
0x00007fff6e4bd000 	/usr/lib/system/libsystem_configuration.dylib
0x00007fff6e4c1000 	/usr/lib/system/libsystem_coreservices.dylib
0x00007fff6e4c5000 	/usr/lib/system/libsystem_darwin.dylib
0x00007fff6e4cc000 	/usr/lib/system/libsystem_dnssd.dylib
0x00007fff6e4d3000 	/usr/lib/system/libsystem_info.dylib
0x00007fff6e548000 	/usr/lib/system/libsystem_m.dylib
0x00007fff6e594000 	/usr/lib/system/libsystem_malloc.dylib
0x00007fff6e5bf000 	/usr/lib/system/libsystem_networkextension.dylib
0x00007fff6e5ca000 	/usr/lib/system/libsystem_notify.dylib
0x00007fff6e5e7000 	/usr/lib/system/libsystem_sandbox.dylib
0x00007fff6e5eb000 	/usr/lib/system/libsystem_secinit.dylib
0x00007fff6e51f000 	/usr/lib/system/libsystem_kernel.dylib
0x00007fff6e5d2000 	/usr/lib/system/libsystem_platform.dylib
0x00007fff6e5dc000 	/usr/lib/system/libsystem_pthread.dylib
0x00007fff6e5ee000 	/usr/lib/system/libsystem_symptoms.dylib
0x00007fff6e5f6000 	/usr/lib/system/libsystem_trace.dylib
0x00007fff6e60d000 	/usr/lib/system/libunwind.dylib
0x00007fff6e613000 	/usr/lib/system/libxpc.dylib
0x00007fff6b5f6000 	/usr/lib/libbsm.0.dylib
0x00007fff6e403000 	/usr/lib/system/libkxld.dylib
0x00007fff5259d000 	/System/Library/PrivateFrameworks/AppleFSCompression.framework/Versions/A/AppleFSCompression
0x00007fff6b292000 	/usr/lib/libOpenScriptingUtil.dylib
0x00007fff6b91e000 	/usr/lib/libcoretls.dylib
0x00007fff6b935000 	/usr/lib/libcoretls_cfhelpers.dylib
0x00007fff6d3a0000 	/usr/lib/libpam.2.dylib
0x00007fff6d560000 	/usr/lib/libsqlite3.dylib
0x00007fff6d95a000 	/usr/lib/libxar.1.dylib
0x00007fff6b607000 	/usr/lib/libbz2.1.0.dylib
0x00007fff6c375000 	/usr/lib/liblzma.5.dylib
0x00007fff6c826000 	/usr/lib/libnetwork.dylib
0x00007fff6b462000 	/usr/lib/libapple_nghttp2.dylib
0x00007fff6d3a7000 	/usr/lib/libpcap.A.dylib
0x00007fff43a4f000 	/System/Library/Frameworks/CoreServices.framework/Versions/A/Frameworks/FSEvents.framework/Versions/A/FSEvents
0x00007fff4372e000 	/System/Library/Frameworks/CoreServices.framework/Versions/A/Frameworks/CarbonCore.framework/Versions/A/CarbonCore
0x00007fff43c0a000 	/System/Library/Frameworks/CoreServices.framework/Versions/A/Frameworks/Metadata.framework/Versions/A/Metadata
0x00007fff43ca9000 	/System/Library/Frameworks/CoreServices.framework/Versions/A/Frameworks/OSServices.framework/Versions/A/OSServices
0x00007fff43cf4000 	/System/Library/Frameworks/CoreServices.framework/Versions/A/Frameworks/SearchKit.framework/Versions/A/SearchKit
0x00007fff436b1000 	/System/Library/Frameworks/CoreServices.framework/Versions/A/Frameworks/AE.framework/Versions/A/AE
0x00007fff43a58000 	/System/Library/Frameworks/CoreServices.framework/Versions/A/Frameworks/LaunchServices.framework/Versions/A/LaunchServices
0x00007fff43a06000 	/System/Library/Frameworks/CoreServices.framework/Versions/A/Frameworks/DictionaryServices.framework/Versions/A/DictionaryServices
0x00007fff43d5c000 	/System/Library/Frameworks/CoreServices.framework/Versions/A/Frameworks/SharedFileList.framework/Versions/A/SharedFileList
0x00007fff480c6000 	/System/Library/Frameworks/NetFS.framework/Versions/A/NetFS
0x00007fff6123f000 	/System/Library/PrivateFrameworks/NetAuth.framework/Versions/A/NetAuth
0x00007fff6abf7000 	/System/Library/PrivateFrameworks/login.framework/Versions/A/Frameworks/loginsupport.framework/Versions/A/loginsupport
0x00007fff68d18000 	/System/Library/PrivateFrameworks/TCC.framework/Versions/A/TCC
0x00007fff561b7000 	/System/Library/PrivateFrameworks/CoreNLP.framework/Versions/A/CoreNLP
0x00007fff60cd4000 	/System/Library/PrivateFrameworks/MetadataUtilities.framework/Versions/A/MetadataUtilities
0x00007fff6c44a000 	/usr/lib/libmecabra.dylib
0x00007fff4087a000 	/System/Library/Frameworks/ApplicationServices.framework/Versions/A/Frameworks/ATS.framework/Versions/A/ATS
0x00007fff40bc9000 	/System/Library/Frameworks/ApplicationServices.framework/Versions/A/Frameworks/ColorSyncLegacy.framework/Versions/A/ColorSyncLegacy
0x00007fff40c68000 	/System/Library/Frameworks/ApplicationServices.framework/Versions/A/Frameworks/HIServices.framework/Versions/A/HIServices
0x00007fff40cbb000 	/System/Library/Frameworks/ApplicationServices.framework/Versions/A/Frameworks/LangAnalysis.framework/Versions/A/LangAnalysis
0x00007fff40ccb000 	/System/Library/Frameworks/ApplicationServices.framework/Versions/A/Frameworks/PrintCore.framework/Versions/A/PrintCore
0x00007fff40d15000 	/System/Library/Frameworks/ApplicationServices.framework/Versions/A/Frameworks/QD.framework/Versions/A/QD
0x00007fff40d4f000 	/System/Library/Frameworks/ApplicationServices.framework/Versions/A/Frameworks/SpeechSynthesis.framework/Versions/A/SpeechSynthesis
0x00007fff6b691000 	/usr/lib/libcompression.dylib
0x00007fff472ce000 	/System/Library/Frameworks/MetalPerformanceShaders.framework/Versions/A/MetalPerformanceShaders
0x00007fff3e856000 	/System/Library/Frameworks/Accelerate.framework/Versions/A/Frameworks/vImage.framework/Versions/A/vImage
0x00007fff3f8d0000 	/System/Library/Frameworks/Accelerate.framework/Versions/A/Frameworks/vecLib.framework/Versions/A/vecLib
0x00007fff3f81c000 	/System/Library/Frameworks/Accelerate.framework/Versions/A/Frameworks/vecLib.framework/Versions/A/libvMisc.dylib
0x00007fff3f634000 	/System/Library/Frameworks/Accelerate.framework/Versions/A/Frameworks/vecLib.framework/Versions/A/libvDSP.dylib
0x00007fff3eef0000 	/System/Library/Frameworks/Accelerate.framework/Versions/A/Frameworks/vecLib.framework/Versions/A/libBLAS.dylib
0x00007fff3f1dd000 	/System/Library/Frameworks/Accelerate.framework/Versions/A/Frameworks/vecLib.framework/Versions/A/libLAPACK.dylib
0x00007fff3f587000 	/System/Library/Frameworks/Accelerate.framework/Versions/A/Frameworks/vecLib.framework/Versions/A/libLinearAlgebra.dylib
0x00007fff3f620000 	/System/Library/Frameworks/Accelerate.framework/Versions/A/Frameworks/vecLib.framework/Versions/A/libSparseBLAS.dylib
0x00007fff3f59d000 	/System/Library/Frameworks/Accelerate.framework/Versions/A/Frameworks/vecLib.framework/Versions/A/libQuadrature.dylib
0x00007fff3f16a000 	/System/Library/Frameworks/Accelerate.framework/Versions/A/Frameworks/vecLib.framework/Versions/A/libBNNS.dylib
0x00007fff3f5a3000 	/System/Library/Frameworks/Accelerate.framework/Versions/A/Frameworks/vecLib.framework/Versions/A/libSparse.dylib
0x00007fff5d505000 	/System/Library/PrivateFrameworks/GPUWrangler.framework/Versions/A/GPUWrangler
0x00007fff5f803000 	/System/Library/PrivateFrameworks/IOAccelerator.framework/Versions/A/IOAccelerator
0x00007fff5f80e000 	/System/Library/PrivateFrameworks/IOPresentment.framework/Versions/A/IOPresentment
0x00007fff56f8f000 	/System/Library/PrivateFrameworks/DSExternalDisplay.framework/Versions/A/DSExternalDisplay
0x00007fff4b542000 	/System/Library/Frameworks/OpenGL.framework/Versions/A/Libraries/libCoreFSCache.dylib
0x00007fff470c2000 	/System/Library/Frameworks/MetalPerformanceShaders.framework/Frameworks/MPSCore.framework/Versions/A/MPSCore
0x00007fff470e2000 	/System/Library/Frameworks/MetalPerformanceShaders.framework/Frameworks/MPSImage.framework/Versions/A/MPSImage
0x00007fff47187000 	/System/Library/Frameworks/MetalPerformanceShaders.framework/Frameworks/MPSNeuralNetwork.framework/Versions/A/MPSNeuralNetwork
0x00007fff4715f000 	/System/Library/Frameworks/MetalPerformanceShaders.framework/Frameworks/MPSMatrix.framework/Versions/A/MPSMatrix
0x00007fff472b3000 	/System/Library/Frameworks/MetalPerformanceShaders.framework/Frameworks/MPSRayIntersector.framework/Versions/A/MPSRayIntersector
0x00007fff60cfd000 	/System/Library/PrivateFrameworks/MetalTools.framework/Versions/A/MetalTools
0x00007fff51e47000 	/System/Library/PrivateFrameworks/AggregateDictionary.framework/Versions/A/AggregateDictionary
0x00007fff6b272000 	/usr/lib/libMobileGestalt.dylib
0x00007fff441eb000 	/System/Library/Frameworks/CoreVideo.framework/Versions/A/CoreVideo
0x00007fff5e316000 	/System/Library/PrivateFrameworks/GraphVisualizer.framework/Versions/A/GraphVisualizer
0x00007fff58195000 	/System/Library/PrivateFrameworks/FaceCore.framework/Versions/A/FaceCore
0x00007fff4ab70000 	/System/Library/Frameworks/OpenCL.framework/Versions/A/OpenCL
0x00007fff6afca000 	/usr/lib/libFosl_dynamic.dylib
0x00007fff61aaa000 	/System/Library/PrivateFrameworks/OTSVG.framework/Versions/A/OTSVG
0x00007fff4097e000 	/System/Library/Frameworks/ApplicationServices.framework/Versions/A/Frameworks/ATS.framework/Versions/A/Resources/libFontParser.dylib
0x00007fff40a96000 	/System/Library/Frameworks/ApplicationServices.framework/Versions/A/Frameworks/ATS.framework/Versions/A/Resources/libFontRegistry.dylib
0x00007fff450f7000 	/System/Library/Frameworks/ImageIO.framework/Versions/A/Resources/libJPEG.dylib
0x00007fff45409000 	/System/Library/Frameworks/ImageIO.framework/Versions/A/Resources/libTIFF.dylib
0x00007fff453df000 	/System/Library/Frameworks/ImageIO.framework/Versions/A/Resources/libPng.dylib
0x00007fff45015000 	/System/Library/Frameworks/ImageIO.framework/Versions/A/Resources/libGIF.dylib
0x00007fff4501a000 	/System/Library/Frameworks/ImageIO.framework/Versions/A/Resources/libJP2.dylib
0x00007fff45406000 	/System/Library/Frameworks/ImageIO.framework/Versions/A/Resources/libRadiance.dylib
0x00007fff526f4000 	/System/Library/PrivateFrameworks/AppleJPEG.framework/Versions/A/AppleJPEG
0x00007fff4b54d000 	/System/Library/Frameworks/OpenGL.framework/Versions/A/Libraries/libGFXShared.dylib
0x00007fff4b710000 	/System/Library/Frameworks/OpenGL.framework/Versions/A/Libraries/libGLU.dylib
0x00007fff4b556000 	/System/Library/Frameworks/OpenGL.framework/Versions/A/Libraries/libGL.dylib
0x00007fff4b562000 	/System/Library/Frameworks/OpenGL.framework/Versions/A/Libraries/libGLImage.dylib
0x00007fff4b53f000 	/System/Library/Frameworks/OpenGL.framework/Versions/A/Libraries/libCVMSPluginSupport.dylib
0x00007fff4b548000 	/System/Library/Frameworks/OpenGL.framework/Versions/A/Libraries/libCoreVMClient.dylib
0x00007fff6bde2000 	/usr/lib/libcups.2.dylib
0x00007fff465c9000 	/System/Library/Frameworks/Kerberos.framework/Versions/A/Kerberos
0x00007fff44af9000 	/System/Library/Frameworks/GSS.framework/Versions/A/GSS
0x00007fff6d4f5000 	/usr/lib/libresolv.9.dylib
0x00007fff6bfd4000 	/usr/lib/libiconv.2.dylib
0x00007fff5e48b000 	/System/Library/PrivateFrameworks/Heimdal.framework/Versions/A/Heimdal
0x00007fff6bfa4000 	/usr/lib/libheimdal-asn1.dylib
0x00007fff4abe4000 	/System/Library/Frameworks/OpenDirectory.framework/Versions/A/OpenDirectory
0x00007fff54f1a000 	/System/Library/PrivateFrameworks/CommonAuth.framework/Versions/A/CommonAuth
0x00007fff4abc8000 	/System/Library/Frameworks/OpenDirectory.framework/Versions/A/Frameworks/CFOpenDirectory.framework/Versions/A/CFOpenDirectory
0x00007fff4dc8a000 	/System/Library/Frameworks/SecurityFoundation.framework/Versions/A/SecurityFoundation
0x00007fff5138e000 	/System/Library/PrivateFrameworks/APFS.framework/Versions/A/APFS
0x00007fff6d956000 	/usr/lib/libutil.dylib
0x00007fff6b67f000 	/usr/lib/libcharset.1.dylib
0x00007fff52991000 	/System/Library/PrivateFrameworks/AppleSauce.framework/Versions/A/AppleSauce
0x00007fff52b12000 	/System/Library/PrivateFrameworks/AssertionServices.framework/Versions/A/AssertionServices
0x00007fff53242000 	/System/Library/PrivateFrameworks/BaseBoard.framework/Versions/A/BaseBoard
0x00007fff6c3a5000 	/usr/lib/libmecab.1.0.0.dylib
0x00007fff6bf9e000 	/usr/lib/libgermantok.dylib
0x00007fff6b44f000 	/usr/lib/libThaiTokenizer.dylib
0x00007fff6aefa000 	/usr/lib/libChineseTokenizer.dylib
0x00007fff5febb000 	/System/Library/PrivateFrameworks/LanguageModeling.framework/Versions/A/LanguageModeling
0x00007fff55bfc000 	/System/Library/PrivateFrameworks/CoreEmoji.framework/Versions/A/CoreEmoji
0x00007fff5ff97000 	/System/Library/PrivateFrameworks/Lexicon.framework/Versions/A/Lexicon
0x00007fff5ffda000 	/System/Library/PrivateFrameworks/LinguisticData.framework/Versions/A/LinguisticData
0x00007fff6b680000 	/usr/lib/libcmph.dylib
0x00007fff4dd48000 	/System/Library/Frameworks/ServiceManagement.framework/Versions/A/ServiceManagement
0x00007fff531a3000 	/System/Library/PrivateFrameworks/BackgroundTaskManagement.framework/Versions/A/BackgroundTaskManagement
0x00007fff6da4f000 	/usr/lib/libxslt.1.dylib
0x00007fff419eb000 	/System/Library/Frameworks/Carbon.framework/Versions/A/Frameworks/Ink.framework/Versions/A/Ink
0x00007fff68f8a000 	/System/Library/PrivateFrameworks/TextureIO.framework/Versions/A/TextureIO
0x00007fff6b4a3000 	/usr/lib/libate.dylib
0x00007fff56ede000 	/System/Library/PrivateFrameworks/CrashReporterSupport.framework/Versions/A/CrashReporterSupport
0x00007fff666c4000 	/System/Library/PrivateFrameworks/Sharing.framework/Versions/A/Sharing
0x00007fff52ef5000 	/System/Library/PrivateFrameworks/AuthKit.framework/Versions/A/AuthKit
0x00007fff52449000 	/System/Library/PrivateFrameworks/Apple80211.framework/Versions/A/Apple80211
0x00007fff56c86000 	/System/Library/PrivateFrameworks/CoreUtils.framework/Versions/A/CoreUtils
0x00007fff4422c000 	/System/Library/Frameworks/CoreWLAN.framework/Versions/A/CoreWLAN
0x00007fff44c28000 	/System/Library/Frameworks/IOBluetooth.framework/Versions/A/IOBluetooth
0x00007fff64b34000 	/System/Library/PrivateFrameworks/ProtocolBuffer.framework/Versions/A/ProtocolBuffer
0x00007fff60f35000 	/System/Library/PrivateFrameworks/MobileKeyBag.framework/Versions/A/MobileKeyBag
0x00007fff564ca000 	/System/Library/PrivateFrameworks/CorePhoneNumbers.framework/Versions/A/CorePhoneNumbers
0x00007fff526a8000 	/System/Library/PrivateFrameworks/AppleIDAuthSupport.framework/Versions/A/AppleIDAuthSupport
0x00007fff5fe8e000 	/System/Library/PrivateFrameworks/KeychainCircle.framework/Versions/A/KeychainCircle
0x00007fff64cea000 	/System/Library/PrivateFrameworks/ROCKit.framework/Versions/A/ROCKit
0x00007fff56e7a000 	/System/Library/PrivateFrameworks/CoreWiFi.framework/Versions/A/CoreWiFi
0x00007fff41fb9000 	/System/Library/Frameworks/CoreBluetooth.framework/Versions/A/CoreBluetooth
0x00007fff570d5000 	/System/Library/PrivateFrameworks/DebugSymbols.framework/Versions/A/DebugSymbols
0x00007fff56a46000 	/System/Library/PrivateFrameworks/CoreSymbolication.framework/Versions/A/CoreSymbolication
0x00007fff687a5000 	/System/Library/PrivateFrameworks/Symbolication.framework/Versions/A/Symbolication
0x00007fff68048000 	/System/Library/PrivateFrameworks/SpeechRecognitionCore.framework/Versions/A/SpeechRecognitionCore
0x000000011013c000 	/Library/Java/JavaVirtualMachines/jdk1.8.0_191.jdk/Contents/Home/jre/lib/server/libjvm.dylib
0x00007fff6d831000 	/usr/lib/libstdc++.6.dylib
0x000000010f6b1000 	/Library/Java/JavaVirtualMachines/jdk1.8.0_191.jdk/Contents/Home/jre/lib/libverify.dylib
0x000000010f6bf000 	/Library/Java/JavaVirtualMachines/jdk1.8.0_191.jdk/Contents/Home/jre/lib/libjava.dylib
0x000000010f73f000 	/Library/Java/JavaVirtualMachines/jdk1.8.0_191.jdk/Contents/Home/jre/lib/libzip.dylib
0x00000001269c7000 	/Library/Java/JavaVirtualMachines/jdk1.8.0_191.jdk/Contents/Home/jre/lib/libawt.dylib
0x0000000126a71000 	/Library/Java/JavaVirtualMachines/jdk1.8.0_191.jdk/Contents/Home/jre/lib/./libmlib_image.dylib
0x00007fff465b2000 	/System/Library/Frameworks/JavaVM.framework/Versions/A/Frameworks/JavaNativeFoundation.framework/Versions/A/JavaNativeFoundation
0x00007fff465bb000 	/System/Library/Frameworks/JavaVM.framework/Versions/A/Frameworks/JavaRuntimeSupport.framework/Versions/A/JavaRuntimeSupport
0x00007fff465c4000 	/System/Library/Frameworks/JavaVM.framework/Versions/A/JavaVM
0x00007fff5fdad000 	/System/Library/PrivateFrameworks/JavaLaunching.framework/Versions/A/JavaLaunching
0x00007fff416e4000 	/System/Library/Frameworks/Carbon.framework/Versions/A/Carbon
0x00007fff416e5000 	/System/Library/Frameworks/Carbon.framework/Versions/A/Frameworks/CommonPanels.framework/Versions/A/CommonPanels
0x00007fff419e1000 	/System/Library/Frameworks/Carbon.framework/Versions/A/Frameworks/Help.framework/Versions/A/Help
0x00007fff419e5000 	/System/Library/Frameworks/Carbon.framework/Versions/A/Frameworks/ImageCapture.framework/Versions/A/ImageCapture
0x00007fff41a81000 	/System/Library/Frameworks/Carbon.framework/Versions/A/Frameworks/OpenScripting.framework/Versions/A/OpenScripting
0x00007fff41ab9000 	/System/Library/Frameworks/Carbon.framework/Versions/A/Frameworks/Print.framework/Versions/A/Print
0x00007fff41abb000 	/System/Library/Frameworks/Carbon.framework/Versions/A/Frameworks/SecurityHI.framework/Versions/A/SecurityHI
0x0000000126b3d000 	/Library/Java/JavaVirtualMachines/jdk1.8.0_191.jdk/Contents/Home/jre/lib/libawt_lwawt.dylib
0x0000000126bf7000 	/Library/Java/JavaVirtualMachines/jdk1.8.0_191.jdk/Contents/Home/jre/lib/./libosxapp.dylib
0x00007fff446b6000 	/System/Library/Frameworks/ExceptionHandling.framework/Versions/A/ExceptionHandling
0x00007fff5664e000 	/System/Library/PrivateFrameworks/CoreServicesInternal.framework/Versions/A/CoreServicesInternal
0x00007fff36bbd000 	/System/Library/CoreServices/RawCamera.bundle/Contents/MacOS/RawCamera
0x00007fff60da1000 	/System/Library/PrivateFrameworks/MobileAsset.framework/Versions/A/MobileAsset
0x00007fff686f3000 	/System/Library/PrivateFrameworks/StreamingZip.framework/Versions/A/StreamingZip
0x00007fff46956000 	/System/Library/Frameworks/MediaToolbox.framework/Versions/A/MediaToolbox
0x00007fff557a0000 	/System/Library/PrivateFrameworks/CoreAVCHD.framework/Versions/A/CoreAVCHD
0x00007fff4689c000 	/System/Library/Frameworks/MediaAccessibility.framework/Versions/A/MediaAccessibility
0x00007fff607fd000 	/System/Library/PrivateFrameworks/Mangrove.framework/Versions/A/Mangrove
0x00007fff4354f000 	/System/Library/Frameworks/CoreMedia.framework/Versions/A/CoreMedia
0x00007fff4e3b1000 	/System/Library/Frameworks/VideoToolbox.framework/Versions/A/VideoToolbox
0x00007fff553bc000 	/System/Library/PrivateFrameworks/CoreAUC.framework/Versions/A/CoreAUC
0x00007fff6d55e000 	/usr/lib/libspindump.dylib
0x00007fff52a77000 	/System/Library/PrivateFrameworks/AppleVA.framework/Versions/A/AppleVA
0x00007fff3e83f000 	/System/Library/Frameworks/Accelerate.framework/Versions/A/Frameworks/vImage.framework/Versions/A/Libraries/libCGInterfaces.dylib
0x00007fff40b32000 	/System/Library/Frameworks/ApplicationServices.framework/Versions/A/Frameworks/ATS.framework/Versions/A/Resources/libTrueTypeScaler.dylib
0x00007fff3cb07000 	/System/Library/Extensions/AppleIntelSKLGraphicsMTLDriver.bundle/Contents/MacOS/AppleIntelSKLGraphicsMTLDriver
0x00007fff5be64000 	/System/Library/PrivateFrameworks/GPUCompiler.framework/Versions/3902/Libraries/libmetal_timestamp.dylib
0x00007fff585ba000 	/System/Library/PrivateFrameworks/FamilyControls.framework/Versions/A/FamilyControls
0x00007fff54f0d000 	/System/Library/PrivateFrameworks/CommerceKit.framework/Versions/A/Frameworks/CommerceCore.framework/Versions/A/CommerceCore
0x00007fff68a78000 	/System/Library/PrivateFrameworks/SystemAdministration.framework/Versions/A/SystemAdministration
0x00007fff5234a000 	/System/Library/PrivateFrameworks/AppContainer.framework/Versions/A/AppContainer
0x00007fff52366000 	/System/Library/PrivateFrameworks/AppSandbox.framework/Versions/A/AppSandbox
0x00007fff66565000 	/System/Library/PrivateFrameworks/SecCodeWrapper.framework/Versions/A/SecCodeWrapper
0x00007fff6d50f000 	/usr/lib/libsandbox.1.dylib
0x00007fff6b241000 	/usr/lib/libMatch.1.dylib
0x00007fff5745a000 	/System/Library/PrivateFrameworks/DiskManagement.framework/Versions/A/DiskManagement
0x00007fff44432000 	/System/Library/Frameworks/DirectoryService.framework/Versions/A/DirectoryService
0x00007fff5738b000 	/System/Library/PrivateFrameworks/DiskImages.framework/Versions/A/DiskImages
0x00007fff600d3000 	/System/Library/PrivateFrameworks/LoginUIKit.framework/Versions/A/Frameworks/LoginUICore.framework/Versions/A/LoginUICore
0x00007fff6af05000 	/usr/lib/libCoreStorage.dylib
0x00007fff6bdcf000 	/usr/lib/libcsfde.dylib
0x00007fff6d38f000 	/usr/lib/libodfde.dylib
0x00007fff60915000 	/System/Library/PrivateFrameworks/MediaKit.framework/Versions/A/MediaKit
0x00007fff4443e000 	/System/Library/Frameworks/DiscRecording.framework/Versions/A/DiscRecording
0x00007fff575ce000 	/System/Library/PrivateFrameworks/EFILogin.framework/Versions/A/EFILogin
0x00007fff64adf000 	/System/Library/PrivateFrameworks/ProtectedCloudStorage.framework/Versions/A/ProtectedCloudStorage
0x00007fff6be61000 	/usr/lib/libcurl.4.dylib
0x00007fff6bcce000 	/usr/lib/libcrypto.42.dylib
0x00007fff6d801000 	/usr/lib/libssl.44.dylib
0x00007fff465e3000 	/System/Library/Frameworks/LDAP.framework/Versions/A/LDAP
0x00007fff69108000 	/System/Library/PrivateFrameworks/TrustEvaluationAgent.framework/Versions/A/TrustEvaluationAgent
0x00007fff6d54b000 	/usr/lib/libsasl2.2.dylib
0x00007fff559f9000 	/System/Library/PrivateFrameworks/CoreDaemon.framework/Versions/B/CoreDaemon
0x00007fff5298c000 	/System/Library/PrivateFrameworks/AppleSRP.framework/Versions/A/AppleSRP
0x00007fff69f42000 	/System/Library/PrivateFrameworks/ViewBridge.framework/Versions/A/ViewBridge
0x000000012aa37000 	/Library/Java/JavaVirtualMachines/jdk1.8.0_191.jdk/Contents/Home/jre/lib/libfontmanager.dylib
0x000000012aa9e000 	/Library/Java/JavaVirtualMachines/jdk1.8.0_191.jdk/Contents/Home/jre/lib/libosxui.dylib
0x00007fff4c0fb000 	/System/Library/Frameworks/OpenGL.framework/Versions/A/Resources/GLEngine.bundle/GLEngine
0x00007fff4b59d000 	/System/Library/Frameworks/OpenGL.framework/Versions/A/Libraries/libGLProgrammability.dylib
0x00007fff3bd32000 	/System/Library/Extensions/AppleIntelSKLGraphicsGLDriver.bundle/Contents/MacOS/AppleIntelSKLGraphicsGLDriver
0x00007fff5d4f9000 	/System/Library/PrivateFrameworks/GPUSupport.framework/Versions/A/Libraries/libGPUSupportMercury.dylib
0x00007fff4c293000 	/System/Library/Frameworks/OpenGL.framework/Versions/A/Resources/GLRendererFloat.bundle/GLRendererFloat
0x00007fff4ab67000 	/System/Library/Frameworks/OpenCL.framework/Versions/A/Libraries/libcldcpuengine.dylib
0x00007fff6bad4000 	/usr/lib/libcrypto.35.dylib
0x000000012c220000 	/Library/Java/JavaVirtualMachines/jdk1.8.0_191.jdk/Contents/Home/jre/lib/libnet.dylib
0x000000012c237000 	/Library/Java/JavaVirtualMachines/jdk1.8.0_191.jdk/Contents/Home/jre/lib/libnio.dylib
0x00007fff54276000 	/System/Library/PrivateFrameworks/CloudDocs.framework/Versions/A/CloudDocs
0x00007fff585e1000 	/System/Library/PrivateFrameworks/FileProvider.framework/Versions/A/FileProvider
0x00007fff68106000 	/System/Library/PrivateFrameworks/SpotlightIndex.framework/Versions/A/SpotlightIndex
0x00007fff68831000 	/System/Library/PrivateFrameworks/SymptomDiagnosticReporter.framework/Versions/A/SymptomDiagnosticReporter
0x00007fff5d898000 	/System/Library/PrivateFrameworks/GenerationalStorage.framework/Versions/A/GenerationalStorage
0x00007fff5410d000 	/System/Library/PrivateFrameworks/ChunkingLibrary.framework/Versions/A/ChunkingLibrary
0x00007fff646d3000 	/System/Library/PrivateFrameworks/PowerLog.framework/Versions/A/PowerLog
0x00007fff557ee000 	/System/Library/PrivateFrameworks/CoreAnalytics.framework/Versions/A/CoreAnalytics
0x000000012a2b5000 	/usr/lib/libobjc-trampolines.dylib
0x0000000129716000 	/Library/Java/JavaVirtualMachines/jdk1.8.0_191.jdk/Contents/Home/jre/lib/libdcpr.dylib

VM Arguments:
java_command: VMEmulatorMain
java_class_path (initial): :bin/classes:bin/lib/Hack.jar:bin/lib/HackGUI.jar:bin/lib/Simulators.jar:bin/lib/SimulatorsGUI.jar:bin/lib/Compilers.jar
Launcher Type: SUN_STANDARD

Environment Variables:
PATH=/Users/njk/.opam/system/bin:/Users/njk/bin:/usr/local/bin:/usr/local/bin:/usr/bin:/bin:/usr/sbin:/sbin:/Library/TeX/texbin:/opt/X11/bin:/Applications/Wireshark.app/Contents/MacOS
SHELL=/bin/bash
DISPLAY=/private/tmp/com.apple.launchd.Cnbd33dnJG/org.macosforge.xquartz:0

Signal Handlers:
SIGSEGV: [libjvm.dylib+0x5b5de9], sa_mask[0]=11111111011111110111111111111111, sa_flags=SA_ONSTACK|SA_RESTART|SA_SIGINFO
SIGBUS: [libjvm.dylib+0x5b5de9], sa_mask[0]=11111111011111110111111111111111, sa_flags=SA_RESTART|SA_SIGINFO
SIGFPE: [libjvm.dylib+0x48b6b0], sa_mask[0]=11111111011111110111111111111111, sa_flags=SA_RESTART|SA_SIGINFO
SIGPIPE: [libjvm.dylib+0x48b6b0], sa_mask[0]=11111111011111110111111111111111, sa_flags=SA_RESTART|SA_SIGINFO
SIGXFSZ: [libjvm.dylib+0x48b6b0], sa_mask[0]=11111111011111110111111111111111, sa_flags=SA_RESTART|SA_SIGINFO
SIGILL: [libjvm.dylib+0x48b6b0], sa_mask[0]=11111111011111110111111111111111, sa_flags=SA_RESTART|SA_SIGINFO
SIGUSR1: SIG_DFL, sa_mask[0]=11011111011111100000000111000110, sa_flags=none
SIGUSR2: [libjvm.dylib+0x48b1ce], sa_mask[0]=00100000000000000000000000000000, sa_flags=SA_RESTART|SA_SIGINFO
SIGHUP: [libjvm.dylib+0x489759], sa_mask[0]=11111111011111110111111111111111, sa_flags=SA_RESTART|SA_SIGINFO
SIGINT: SIG_IGN, sa_mask[0]=00000000000000000000000000000000, sa_flags=none
SIGTERM: [libjvm.dylib+0x489759], sa_mask[0]=11111111011111110111111111111111, sa_flags=SA_RESTART|SA_SIGINFO
SIGQUIT: [libjvm.dylib+0x489759], sa_mask[0]=11111111011111110111111111111111, sa_flags=SA_RESTART|SA_SIGINFO


---------------  S Y S T E M  ---------------

OS:Bsduname:Darwin 18.7.0 Darwin Kernel Version 18.7.0: Thu Jun 20 18:42:21 PDT 2019; root:xnu-4903.270.47~4/RELEASE_X86_64 x86_64
rlimit: STACK 8192k, CORE 0k, NPROC 709, NOFILE 10240, AS infinity
load average:2.64 2.43 2.36

CPU:total 4 (initial active 4) (2 cores per cpu, 2 threads per core) family 6 model 78 stepping 3, cmov, cx8, fxsr, mmx, sse, sse2, sse3, ssse3, sse4.1, sse4.2, popcnt, avx, avx2, aes, clmul, erms, 3dnowpref, lzcnt, ht, tsc, tscinvbit, bmi1, bmi2, adx

Memory: 4k page, physical 8388608k(154348k free)

/proc/meminfo:


vm_info: Java HotSpot(TM) 64-Bit Server VM (25.191-b12) for bsd-amd64 JRE (1.8.0_191-b12), built on Oct  6 2018 08:37:07 by "java_re" with gcc 4.2.1 (Based on Apple Inc. build 5658) (LLVM build 2336.11.00)

time: Sun Sep  1 14:25:29 2019
elapsed time: 24189 seconds (0d 6h 43m 9s)

